{
  "RSpec": {
    "coverage": {
      "/Users/ryanhantak/turing/2module/little_shop_1908/config/environment.rb": [
        null,
        1,
        null,
        null,
        1
      ],
      "/Users/ryanhantak/turing/2module/little_shop_1908/config/application.rb": [
        1,
        null,
        1,
        null,
        1,
        1,
        1,
        1,
        1,
        1,
        1,
        1,
        null,
        null,
        null,
        null,
        1,
        null,
        1,
        1,
        null,
        1,
        null,
        null,
        null,
        null,
        null,
        null,
        1,
        null,
        null
      ],
      "/Users/ryanhantak/turing/2module/little_shop_1908/config/boot.rb": [
        1,
        null,
        1
      ],
      "/Users/ryanhantak/turing/2module/little_shop_1908/config/environments/test.rb": [
        1,
        null,
        null,
        null,
        null,
        null,
        null,
        1,
        null,
        null,
        null,
        null,
        1,
        null,
        null,
        1,
        1,
        null,
        null,
        null,
        null,
        1,
        1,
        null,
        null,
        1,
        null,
        null,
        1,
        1,
        null,
        null,
        null,
        null,
        1,
        null,
        null,
        1,
        null,
        null,
        null,
        null
      ],
      "/Users/ryanhantak/turing/2module/little_shop_1908/config/initializers/application_controller_renderer.rb": [
        null,
        null,
        null,
        null,
        null,
        null,
        null,
        null
      ],
      "/Users/ryanhantak/turing/2module/little_shop_1908/config/initializers/assets.rb": [
        null,
        null,
        null,
        1,
        null,
        null,
        null,
        null,
        1,
        null,
        null,
        null,
        null,
        null
      ],
      "/Users/ryanhantak/turing/2module/little_shop_1908/config/initializers/backtrace_silencers.rb": [
        null,
        null,
        null,
        null,
        null,
        null,
        null
      ],
      "/Users/ryanhantak/turing/2module/little_shop_1908/config/initializers/cookies_serializer.rb": [
        null,
        null,
        null,
        null,
        1
      ],
      "/Users/ryanhantak/turing/2module/little_shop_1908/config/initializers/filter_parameter_logging.rb": [
        null,
        null,
        null,
        1
      ],
      "/Users/ryanhantak/turing/2module/little_shop_1908/config/initializers/inflections.rb": [
        null,
        null,
        null,
        null,
        null,
        null,
        null,
        null,
        null,
        null,
        null,
        null,
        null,
        null,
        null,
        null
      ],
      "/Users/ryanhantak/turing/2module/little_shop_1908/config/initializers/mime_types.rb": [
        null,
        null,
        null,
        null
      ],
      "/Users/ryanhantak/turing/2module/little_shop_1908/config/initializers/wrap_parameters.rb": [
        null,
        null,
        null,
        null,
        null,
        null,
        1,
        2,
        null,
        null,
        null,
        null,
        null,
        null
      ],
      "/Users/ryanhantak/turing/2module/little_shop_1908/config/routes.rb": [
        1,
        null,
        null,
        1,
        1,
        1,
        1,
        1,
        1,
        1,
        null,
        1,
        1,
        1,
        1,
        1,
        null,
        1,
        1,
        null,
        1,
        1,
        1,
        null,
        1,
        1,
        1,
        null,
        1,
        1,
        1,
        1,
        1,
        1,
        null,
        1,
        1,
        1,
        null
      ],
      "/Users/ryanhantak/turing/2module/little_shop_1908/app/helpers/application_helper.rb": [
        1,
        null
      ],
      "/Users/ryanhantak/turing/2module/little_shop_1908/spec/features/cart/increase_and_decrease_quantity_spec.rb": [
        1,
        null,
        1,
        1,
        1,
        4,
        4,
        4,
        4,
        4,
        4,
        4,
        4,
        4,
        null,
        1,
        1,
        null,
        1,
        1,
        null,
        1,
        null,
        1,
        null,
        null,
        1,
        1,
        null,
        1,
        null,
        null,
        null,
        1,
        1,
        1,
        1,
        1,
        null,
        null,
        1,
        null,
        null,
        1,
        1,
        1,
        1,
        null,
        1,
        null,
        null,
        null,
        1,
        1,
        null,
        1,
        1,
        1,
        null,
        null,
        1,
        null,
        null,
        null
      ],
      "/Users/ryanhantak/turing/2module/little_shop_1908/spec/features/cart/show_spec.rb": [
        1,
        null,
        1,
        1,
        1,
        5,
        5,
        5,
        null,
        1,
        1,
        null,
        1,
        null,
        1,
        null,
        1,
        null,
        1,
        null,
        1,
        null,
        1,
        null,
        1,
        1,
        1,
        1,
        1,
        1,
        null,
        null,
        1,
        1,
        1,
        1,
        1,
        1,
        null,
        1,
        null,
        null,
        1,
        1,
        null,
        1,
        null,
        null,
        1,
        1,
        null,
        1,
        null,
        1,
        null,
        1,
        null,
        1,
        null,
        1,
        1,
        null,
        null,
        1,
        1,
        1,
        null,
        1,
        1,
        null,
        1,
        1,
        null,
        1,
        null,
        1,
        1,
        1,
        null,
        null,
        1,
        null,
        1,
        1,
        1,
        null,
        null,
        1,
        1,
        1,
        null,
        1,
        1,
        null,
        1,
        null,
        1,
        null,
        1,
        null,
        1,
        null,
        null,
        null
      ],
      "/Users/ryanhantak/turing/2module/little_shop_1908/spec/features/items/destroy_spec.rb": [
        1,
        null,
        1,
        1,
        1,
        1,
        1,
        null,
        1,
        null,
        1,
        null,
        1,
        null,
        1,
        1,
        null,
        null,
        1,
        1,
        1,
        1,
        null,
        1,
        null,
        1,
        null,
        1,
        1,
        null,
        null,
        null
      ],
      "/Users/ryanhantak/turing/2module/little_shop_1908/spec/features/items/edit_spec.rb": [
        1,
        null,
        1,
        1,
        1,
        1,
        3,
        3,
        null,
        null,
        1,
        null,
        1,
        null,
        1,
        null,
        1,
        null,
        1,
        1,
        1,
        1,
        1,
        1,
        1,
        null,
        null,
        1,
        1,
        1,
        null,
        1,
        null,
        1,
        null,
        1,
        1,
        1,
        1,
        1,
        null,
        1,
        null,
        1,
        1,
        1,
        1,
        1,
        1,
        1,
        1,
        1,
        null,
        null,
        1,
        1,
        null,
        1,
        1,
        1,
        1,
        1,
        null,
        1,
        null,
        1,
        null,
        null,
        null,
        null
      ],
      "/Users/ryanhantak/turing/2module/little_shop_1908/spec/features/items/index_spec.rb": [
        1,
        null,
        1,
        1,
        1,
        2,
        2,
        null,
        2,
        null,
        2,
        2,
        null,
        null,
        1,
        1,
        null,
        1,
        1,
        1,
        1,
        1,
        1,
        null,
        null,
        1,
        null,
        1,
        null,
        1,
        1,
        1,
        1,
        1,
        1,
        1,
        1,
        null,
        null,
        1,
        1,
        1,
        1,
        1,
        1,
        1,
        1,
        null,
        null,
        1,
        1,
        1,
        1,
        1,
        1,
        1,
        1,
        null,
        null,
        null,
        null,
        null
      ],
      "/Users/ryanhantak/turing/2module/little_shop_1908/spec/features/items/invalid_path_spec.rb": [
        1,
        null,
        1,
        1,
        null,
        1,
        null,
        1,
        null,
        1,
        1,
        null,
        null,
        null,
        1,
        null,
        1,
        null,
        1,
        null,
        1,
        1,
        null,
        null,
        null,
        null
      ],
      "/Users/ryanhantak/turing/2module/little_shop_1908/spec/features/items/merchant_items_index_spec.rb": [
        1,
        null,
        1,
        1,
        1,
        1,
        1,
        1,
        1,
        null,
        null,
        1,
        1,
        null,
        1,
        1,
        1,
        1,
        1,
        1,
        1,
        null,
        null,
        1,
        1,
        1,
        1,
        1,
        1,
        1,
        null,
        null,
        1,
        1,
        1,
        1,
        1,
        1,
        1,
        null,
        null,
        null,
        null
      ],
      "/Users/ryanhantak/turing/2module/little_shop_1908/spec/features/items/new_spec.rb": [
        1,
        null,
        1,
        1,
        1,
        3,
        null,
        null,
        1,
        1,
        null,
        1,
        null,
        null,
        1,
        1,
        null,
        1,
        1,
        1,
        1,
        1,
        null,
        1,
        null,
        1,
        1,
        1,
        1,
        1,
        1,
        1,
        null,
        1,
        null,
        1,
        null,
        1,
        1,
        1,
        1,
        1,
        1,
        1,
        1,
        1,
        1,
        1,
        1,
        1,
        1,
        null,
        null,
        1,
        1,
        null,
        1,
        1,
        1,
        1,
        1,
        null,
        1,
        null,
        1,
        null,
        null,
        null
      ],
      "/Users/ryanhantak/turing/2module/little_shop_1908/spec/features/items/show_spec.rb": [
        1,
        null,
        1,
        null,
        1,
        6,
        6,
        6,
        6,
        6,
        6,
        6,
        6,
        6,
        6,
        null,
        null,
        1,
        1,
        1,
        1,
        1,
        1,
        1,
        1,
        1,
        null,
        null,
        1,
        1,
        1,
        1,
        1,
        null,
        null,
        1,
        1,
        1,
        1,
        null,
        null,
        null,
        1,
        1,
        1,
        null,
        1,
        null,
        1,
        null,
        null,
        null,
        1,
        1,
        1,
        1,
        1,
        1,
        1,
        1,
        1,
        null,
        null,
        null,
        1,
        1,
        1,
        1,
        1,
        1,
        1,
        1,
        1,
        null,
        null,
        null,
        1,
        1,
        1,
        null,
        null,
        null
      ],
      "/Users/ryanhantak/turing/2module/little_shop_1908/spec/features/merchants/destroy_spec.rb": [
        1,
        null,
        1,
        1,
        1,
        2,
        null,
        null,
        1,
        null,
        1,
        null,
        1,
        null,
        1,
        1,
        null,
        null,
        1,
        1,
        null,
        1,
        null,
        1,
        null,
        1,
        1,
        null,
        null,
        null
      ],
      "/Users/ryanhantak/turing/2module/little_shop_1908/spec/features/merchants/edit_spec.rb": [
        1,
        null,
        1,
        1,
        1,
        3,
        null,
        1,
        1,
        1,
        null,
        1,
        1,
        1,
        1,
        1,
        1,
        null,
        null,
        1,
        1,
        1,
        null,
        1,
        1,
        1,
        1,
        1,
        null,
        1,
        null,
        1,
        1,
        1,
        null,
        null,
        1,
        1,
        null,
        1,
        null,
        1,
        1,
        1,
        1,
        1,
        null,
        1,
        null,
        1,
        null,
        null,
        null
      ],
      "/Users/ryanhantak/turing/2module/little_shop_1908/spec/features/merchants/index_spec.rb": [
        1,
        null,
        1,
        1,
        1,
        2,
        2,
        null,
        null,
        1,
        1,
        null,
        1,
        1,
        null,
        null,
        1,
        1,
        null,
        1,
        null,
        1,
        null,
        1,
        null,
        null,
        null
      ],
      "/Users/ryanhantak/turing/2module/little_shop_1908/spec/features/merchants/invalid_path_spec.rb": [
        1,
        null,
        1,
        1,
        null,
        1,
        null,
        1,
        null,
        1,
        1,
        null,
        null,
        null,
        1,
        null,
        1,
        null,
        1,
        null,
        1,
        1,
        null,
        null,
        null
      ],
      "/Users/ryanhantak/turing/2module/little_shop_1908/spec/features/merchants/new_spec.rb": [
        1,
        null,
        1,
        1,
        1,
        1,
        null,
        1,
        1,
        1,
        1,
        1,
        null,
        1,
        1,
        1,
        1,
        1,
        null,
        1,
        null,
        1,
        null,
        1,
        1,
        1,
        1,
        1,
        1,
        1,
        null,
        null,
        1,
        1,
        null,
        1,
        1,
        1,
        1,
        1,
        null,
        1,
        null,
        1,
        null,
        null,
        null,
        null,
        null
      ],
      "/Users/ryanhantak/turing/2module/little_shop_1908/spec/features/merchants/show_spec.rb": [
        1,
        null,
        1,
        1,
        1,
        2,
        null,
        null,
        1,
        1,
        null,
        1,
        1,
        null,
        null,
        1,
        1,
        null,
        1,
        null,
        1,
        null,
        1,
        null,
        null,
        null,
        null
      ],
      "/Users/ryanhantak/turing/2module/little_shop_1908/spec/features/navigation_spec.rb": [
        null,
        1,
        null,
        1,
        1,
        1,
        1,
        null,
        1,
        1,
        null,
        null,
        1,
        null,
        1,
        1,
        null,
        null,
        1,
        null,
        null,
        null
      ],
      "/Users/ryanhantak/turing/2module/little_shop_1908/spec/features/orders/create_spec.rb": [
        1,
        null,
        1,
        1,
        1,
        2,
        2,
        2,
        2,
        2,
        null,
        2,
        2,
        null,
        2,
        2,
        null,
        2,
        null,
        2,
        2,
        2,
        2,
        2,
        null,
        2,
        null,
        null,
        1,
        null,
        1,
        null,
        1,
        1,
        1,
        1,
        1,
        null,
        1,
        1,
        1,
        1,
        1,
        1,
        null,
        null,
        1,
        1,
        1,
        1,
        1,
        1,
        null,
        null,
        1,
        null,
        null,
        1,
        1,
        null,
        null,
        null
      ],
      "/Users/ryanhantak/turing/2module/little_shop_1908/spec/features/orders/new_spec.rb": [
        1,
        null,
        1,
        1,
        1,
        1,
        2,
        2,
        2,
        2,
        2,
        null,
        2,
        2,
        null,
        2,
        2,
        null,
        2,
        null,
        null,
        1,
        1,
        1,
        1,
        1,
        1,
        1,
        null,
        null,
        1,
        1,
        1,
        1,
        1,
        1,
        null,
        null,
        1,
        null,
        null,
        1,
        1,
        1,
        1,
        1,
        1,
        1,
        null,
        null,
        null,
        null
      ],
      "/Users/ryanhantak/turing/2module/little_shop_1908/spec/features/reviews/delete_spec.rb": [
        1,
        null,
        1,
        1,
        1,
        1,
        1,
        null,
        1,
        null,
        1,
        1,
        null,
        1,
        null,
        null,
        1,
        null,
        1,
        1,
        1,
        null,
        null
      ],
      "/Users/ryanhantak/turing/2module/little_shop_1908/spec/features/reviews/edit_spec.rb": [
        1,
        null,
        1,
        1,
        1,
        1,
        1,
        1,
        null,
        1,
        null,
        1,
        1,
        1,
        null,
        1,
        1,
        1,
        null,
        1,
        null,
        1,
        null,
        1,
        1,
        1,
        1,
        null,
        1,
        1,
        1,
        null,
        null,
        null,
        1,
        1,
        1,
        1,
        null,
        1,
        null,
        1,
        1,
        1,
        null,
        1,
        null,
        1,
        null,
        null,
        null
      ],
      "/Users/ryanhantak/turing/2module/little_shop_1908/spec/features/reviews/invalid_path_spec.rb": [
        1,
        null,
        1,
        1,
        null,
        1,
        null,
        1,
        null,
        1,
        1,
        null,
        null,
        1,
        1,
        1,
        null,
        1,
        1,
        1,
        null,
        null,
        null
      ],
      "/Users/ryanhantak/turing/2module/little_shop_1908/spec/features/reviews/new_spec.rb": [
        1,
        null,
        1,
        1,
        1,
        3,
        3,
        3,
        null,
        null,
        1,
        1,
        null,
        null,
        1,
        1,
        null,
        1,
        1,
        null,
        1,
        1,
        1,
        null,
        1,
        null,
        1,
        null,
        1,
        1,
        1,
        1,
        null,
        null,
        null,
        1,
        1,
        1,
        null,
        1,
        1,
        null,
        1,
        1,
        null,
        1,
        null,
        null,
        null
      ],
      "/Users/ryanhantak/turing/2module/little_shop_1908/spec/models/cart_spec.rb": [
        1,
        null,
        1,
        1,
        1,
        1,
        null,
        1,
        null,
        null,
        1,
        1,
        1,
        1,
        1,
        null,
        1,
        null,
        null,
        1,
        null,
        1,
        1,
        1,
        null,
        1,
        null,
        null,
        1,
        1,
        1,
        1,
        null,
        1,
        null,
        1,
        null,
        null,
        1,
        1,
        1,
        1,
        null,
        1,
        null,
        1,
        null,
        1,
        null,
        null,
        1,
        1,
        1,
        1,
        1,
        1,
        null,
        1,
        null,
        null,
        null,
        null,
        1,
        1,
        1,
        null,
        1,
        1,
        null,
        null,
        null,
        null,
        null
      ],
      "/Users/ryanhantak/turing/2module/little_shop_1908/app/models/cart.rb": [
        1,
        1,
        null,
        1,
        242,
        242,
        null,
        null,
        1,
        184,
        null,
        null,
        1,
        46,
        null,
        null,
        1,
        3,
        null,
        null,
        1,
        225,
        null,
        null,
        1,
        23,
        23,
        43,
        null,
        23,
        null,
        null,
        1,
        81,
        null,
        null,
        1,
        23,
        43,
        null,
        null,
        null
      ],
      "/Users/ryanhantak/turing/2module/little_shop_1908/spec/models/item_order_spec.rb": [
        1,
        null,
        1,
        1,
        2,
        2,
        null,
        1,
        2,
        2,
        null,
        null,
        1,
        5,
        5,
        5,
        5,
        5,
        5,
        null,
        null,
        1,
        1,
        null,
        null
      ],
      "/Users/ryanhantak/turing/2module/little_shop_1908/app/models/item_order.rb": [
        1,
        1,
        1,
        null,
        1,
        null,
        null,
        1,
        13,
        null,
        null
      ],
      "/Users/ryanhantak/turing/2module/little_shop_1908/app/models/application_record.rb": [
        1,
        1,
        null
      ],
      "/Users/ryanhantak/turing/2module/little_shop_1908/spec/models/item_spec.rb": [
        1,
        null,
        1,
        1,
        2,
        2,
        2,
        2,
        2,
        2,
        null,
        null,
        1,
        2,
        2,
        2,
        null,
        null
      ],
      "/Users/ryanhantak/turing/2module/little_shop_1908/app/models/item.rb": [
        1,
        1,
        1,
        1,
        1,
        null,
        1,
        null,
        null,
        null,
        null,
        1,
        null,
        null
      ],
      "/Users/ryanhantak/turing/2module/little_shop_1908/spec/models/merchant_spec.rb": [
        1,
        null,
        1,
        1,
        2,
        2,
        2,
        2,
        2,
        null,
        null,
        1,
        2,
        null,
        null
      ],
      "/Users/ryanhantak/turing/2module/little_shop_1908/app/models/merchant.rb": [
        1,
        1,
        null,
        1,
        null,
        null,
        null,
        null,
        null,
        null
      ],
      "/Users/ryanhantak/turing/2module/little_shop_1908/spec/models/order_spec.rb": [
        1,
        null,
        1,
        1,
        2,
        2,
        2,
        2,
        2,
        2,
        null,
        null,
        1,
        2,
        2,
        null,
        null
      ],
      "/Users/ryanhantak/turing/2module/little_shop_1908/app/models/order.rb": [
        1,
        1,
        1,
        null,
        1,
        null,
        null,
        null,
        null,
        null,
        null,
        1,
        2,
        4,
        null,
        null,
        4,
        null,
        null,
        null,
        null
      ],
      "/Users/ryanhantak/turing/2module/little_shop_1908/spec/models/review_spec.rb": [
        1,
        null,
        1,
        1,
        2,
        2,
        2,
        2,
        null,
        null,
        null,
        null,
        null,
        null,
        1,
        2,
        null,
        null
      ],
      "/Users/ryanhantak/turing/2module/little_shop_1908/app/models/review.rb": [
        1,
        1,
        null,
        1,
        null,
        null,
        null,
        1,
        null,
        null,
        null,
        1,
        10,
        null,
        null,
        1,
        10,
        null,
        null,
        1,
        10,
        null,
        null,
        null
      ],
      "/Users/ryanhantak/turing/2module/little_shop_1908/app/controllers/items_controller.rb": [
        1,
        null,
        1,
        58,
        5,
        5,
        null,
        53,
        null,
        null,
        null,
        1,
        63,
        62,
        null,
        1,
        1,
        null,
        null,
        null,
        1,
        2,
        null,
        null,
        1,
        2,
        2,
        2,
        1,
        null,
        1,
        1,
        null,
        null,
        null,
        1,
        4,
        3,
        null,
        1,
        1,
        null,
        null,
        null,
        1,
        2,
        2,
        1,
        null,
        1,
        1,
        null,
        null,
        null,
        1,
        2,
        2,
        2,
        null,
        null,
        1,
        null,
        1,
        4,
        null,
        null,
        null
      ],
      "/Users/ryanhantak/turing/2module/little_shop_1908/app/controllers/application_controller.rb": [
        1,
        1,
        null,
        null,
        null,
        null,
        null,
        1,
        null,
        1,
        509,
        null,
        null
      ],
      "/Users/ryanhantak/turing/2module/little_shop_1908/app/controllers/cart_controller.rb": [
        1,
        1,
        null,
        1,
        null,
        null,
        null,
        1,
        44,
        44,
        43,
        43,
        43,
        43,
        43,
        null,
        1,
        1,
        null,
        null,
        null,
        1,
        3,
        3,
        2,
        2,
        2,
        2,
        2,
        null,
        1,
        1,
        null,
        null,
        null,
        1,
        3,
        3,
        2,
        2,
        2,
        2,
        2,
        null,
        1,
        null,
        null,
        null,
        1,
        1,
        1,
        null,
        null,
        1,
        2,
        2,
        null,
        null
      ],
      "/Users/ryanhantak/turing/2module/little_shop_1908/app/controllers/orders_controller.rb": [
        1,
        null,
        1,
        null,
        null,
        1,
        2,
        2,
        2,
        2,
        null,
        null,
        1,
        2,
        2,
        null,
        null,
        1,
        1,
        2,
        null,
        null
      ],
      "/Users/ryanhantak/turing/2module/little_shop_1908/app/controllers/reviews_controller.rb": [
        1,
        1,
        2,
        null,
        null,
        1,
        3,
        3,
        3,
        1,
        null,
        2,
        2,
        null,
        null,
        null,
        1,
        5,
        3,
        3,
        null,
        2,
        2,
        null,
        null,
        null,
        1,
        2,
        2,
        2,
        1,
        null,
        1,
        1,
        null,
        null,
        null,
        1,
        1,
        1,
        1,
        null,
        null,
        1,
        1,
        5,
        null,
        null
      ],
      "/Users/ryanhantak/turing/2module/little_shop_1908/app/controllers/merchants_controller.rb": [
        1,
        null,
        1,
        9,
        null,
        null,
        1,
        8,
        7,
        null,
        1,
        1,
        null,
        null,
        null,
        1,
        null,
        null,
        1,
        2,
        2,
        1,
        null,
        1,
        1,
        null,
        null,
        null,
        1,
        4,
        3,
        null,
        1,
        1,
        null,
        null,
        null,
        1,
        2,
        2,
        1,
        null,
        1,
        1,
        null,
        null,
        null,
        1,
        2,
        2,
        2,
        null,
        null,
        1,
        null,
        1,
        4,
        null,
        null
      ]
    },
    "timestamp": 1571071958
  }
}
