{
  "RSpec": {
    "coverage": {
      "/Users/jonpatterson/turing/mod2/projects/little_shop_1908/config/environment.rb": [
        null,
        1,
        null,
        null,
        1
      ],
      "/Users/jonpatterson/turing/mod2/projects/little_shop_1908/config/application.rb": [
        1,
        null,
        1,
        null,
        1,
        1,
        1,
        1,
        1,
        1,
        1,
        1,
        null,
        null,
        null,
        null,
        1,
        null,
        1,
        1,
        null,
        1,
        null,
        null,
        null,
        null,
        null,
        null,
        1,
        null,
        null
      ],
      "/Users/jonpatterson/turing/mod2/projects/little_shop_1908/config/boot.rb": [
        1,
        null,
        1
      ],
      "/Users/jonpatterson/turing/mod2/projects/little_shop_1908/config/environments/test.rb": [
        1,
        null,
        null,
        null,
        null,
        null,
        null,
        1,
        null,
        null,
        null,
        null,
        1,
        null,
        null,
        1,
        1,
        null,
        null,
        null,
        null,
        1,
        1,
        null,
        null,
        1,
        null,
        null,
        1,
        1,
        null,
        null,
        null,
        null,
        1,
        null,
        null,
        1,
        null,
        null,
        null,
        null
      ],
      "/Users/jonpatterson/turing/mod2/projects/little_shop_1908/config/initializers/application_controller_renderer.rb": [
        null,
        null,
        null,
        null,
        null,
        null,
        null,
        null
      ],
      "/Users/jonpatterson/turing/mod2/projects/little_shop_1908/config/initializers/assets.rb": [
        null,
        null,
        null,
        1,
        null,
        null,
        null,
        null,
        1,
        null,
        null,
        null,
        null,
        null
      ],
      "/Users/jonpatterson/turing/mod2/projects/little_shop_1908/config/initializers/backtrace_silencers.rb": [
        null,
        null,
        null,
        null,
        null,
        null,
        null
      ],
      "/Users/jonpatterson/turing/mod2/projects/little_shop_1908/config/initializers/cookies_serializer.rb": [
        null,
        null,
        null,
        null,
        1
      ],
      "/Users/jonpatterson/turing/mod2/projects/little_shop_1908/config/initializers/filter_parameter_logging.rb": [
        null,
        null,
        null,
        1
      ],
      "/Users/jonpatterson/turing/mod2/projects/little_shop_1908/config/initializers/inflections.rb": [
        null,
        null,
        null,
        null,
        null,
        null,
        null,
        null,
        null,
        null,
        null,
        null,
        null,
        null,
        null,
        null
      ],
      "/Users/jonpatterson/turing/mod2/projects/little_shop_1908/config/initializers/mime_types.rb": [
        null,
        null,
        null,
        null
      ],
      "/Users/jonpatterson/turing/mod2/projects/little_shop_1908/config/initializers/wrap_parameters.rb": [
        null,
        null,
        null,
        null,
        null,
        null,
        1,
        2,
        null,
        null,
        null,
        null,
        null,
        null
      ],
      "/Users/jonpatterson/turing/mod2/projects/little_shop_1908/config/routes.rb": [
        1,
        null,
        null,
        1,
        1,
        1,
        1,
        1,
        1,
        1,
        null,
        1,
        1,
        1,
        1,
        1,
        1,
        1,
        1,
        null,
        1,
        1,
        1,
        1,
        1,
        null,
        1,
        1,
        1,
        1,
        1,
        1,
        null,
        1,
        1,
        1,
        null
      ],
      "/Users/jonpatterson/turing/mod2/projects/little_shop_1908/app/helpers/application_helper.rb": [
        1,
        null
      ],
      "/Users/jonpatterson/turing/mod2/projects/little_shop_1908/spec/features/cart/checkout_spec.rb": [
        1,
        null,
        1,
        null,
        1,
        1,
        1,
        null,
        null,
        1,
        1,
        null,
        1,
        1,
        null,
        1,
        1,
        null,
        1,
        1,
        1,
        1,
        1,
        null,
        null,
        null,
        1,
        1,
        1,
        1,
        null,
        null,
        null
      ],
      "/Users/jonpatterson/turing/mod2/projects/little_shop_1908/spec/features/cart/destroy_spec.rb": [
        1,
        null,
        1,
        1,
        1,
        1,
        1,
        1,
        null,
        1,
        1,
        null,
        1,
        1,
        null,
        1,
        null,
        null,
        1,
        1,
        1,
        null,
        1,
        1,
        null,
        null,
        1,
        1,
        1,
        null,
        null,
        null,
        null
      ],
      "/Users/jonpatterson/turing/mod2/projects/little_shop_1908/spec/features/cart/show_spec.rb": [
        1,
        null,
        1,
        1,
        1,
        5,
        5,
        null,
        5,
        5,
        5,
        null,
        null,
        1,
        1,
        1,
        1,
        1,
        1,
        1,
        null,
        1,
        1,
        null,
        1,
        1,
        1,
        null,
        null,
        1,
        1,
        1,
        1,
        1,
        1,
        null,
        null,
        1,
        1,
        1,
        1,
        1,
        1,
        null,
        null,
        null,
        null,
        1,
        1,
        null,
        1,
        1,
        null,
        null,
        1,
        1,
        1,
        1,
        1,
        1,
        1,
        null,
        1,
        1,
        null,
        1,
        1,
        1,
        null,
        null,
        1,
        1,
        1,
        1,
        1,
        1,
        1,
        null,
        1,
        1,
        1,
        1,
        1,
        1,
        1,
        1,
        1,
        null,
        1,
        null,
        1,
        1,
        1,
        null,
        null,
        1,
        1,
        1,
        1,
        1,
        1,
        1,
        null,
        1,
        1,
        1,
        1,
        null,
        null,
        1,
        1,
        null,
        1,
        1,
        1,
        null,
        null,
        1,
        1,
        null,
        null
      ],
      "/Users/jonpatterson/turing/mod2/projects/little_shop_1908/spec/features/items/destroy_spec.rb": [
        1,
        null,
        1,
        1,
        1,
        1,
        1,
        null,
        1,
        null,
        1,
        null,
        1,
        null,
        1,
        1,
        null,
        null,
        1,
        1,
        1,
        1,
        null,
        null,
        1,
        1,
        1,
        null,
        1,
        null,
        null,
        null,
        null,
        1,
        1,
        1,
        1,
        null,
        1,
        1,
        1,
        null,
        1,
        1,
        1,
        1,
        1,
        1,
        null,
        1,
        null,
        1,
        1,
        1,
        1,
        1,
        null,
        1,
        1,
        1,
        1,
        1,
        null,
        1,
        null,
        1,
        1,
        1,
        null,
        1,
        1,
        null,
        1,
        1,
        1,
        1,
        null,
        null,
        null
      ],
      "/Users/jonpatterson/turing/mod2/projects/little_shop_1908/spec/features/items/edit_spec.rb": [
        1,
        null,
        1,
        1,
        1,
        1,
        3,
        null,
        3,
        null,
        null,
        1,
        null,
        1,
        1,
        1,
        null,
        1,
        1,
        1,
        1,
        1,
        1,
        1,
        null,
        null,
        1,
        null,
        1,
        1,
        null,
        1,
        1,
        1,
        1,
        1,
        null,
        1,
        null,
        1,
        1,
        1,
        1,
        1,
        1,
        1,
        1,
        1,
        null,
        null,
        1,
        null,
        1,
        1,
        1,
        1,
        1,
        1,
        1,
        1,
        null,
        1,
        1,
        null,
        1,
        1,
        1,
        1,
        1,
        null,
        1,
        1,
        null,
        1,
        1,
        1,
        1,
        1,
        null,
        1,
        1,
        null,
        1,
        1,
        1,
        1,
        1,
        null,
        1,
        1,
        null,
        1,
        1,
        1,
        1,
        1,
        null,
        1,
        1,
        1,
        null,
        null,
        null,
        null
      ],
      "/Users/jonpatterson/turing/mod2/projects/little_shop_1908/spec/features/items/index_spec.rb": [
        1,
        null,
        1,
        1,
        1,
        2,
        2,
        null,
        2,
        null,
        2,
        2,
        null,
        null,
        1,
        1,
        null,
        1,
        1,
        1,
        1,
        1,
        1,
        null,
        null,
        1,
        null,
        1,
        null,
        1,
        1,
        1,
        1,
        1,
        1,
        1,
        1,
        null,
        null,
        1,
        1,
        1,
        1,
        1,
        1,
        1,
        1,
        null,
        null,
        1,
        1,
        1,
        1,
        1,
        1,
        1,
        1,
        null,
        null,
        null,
        null,
        null
      ],
      "/Users/jonpatterson/turing/mod2/projects/little_shop_1908/spec/features/items/merchant_items_index_spec.rb": [
        1,
        null,
        1,
        1,
        1,
        1,
        1,
        1,
        1,
        null,
        null,
        1,
        1,
        null,
        1,
        1,
        1,
        1,
        1,
        1,
        1,
        null,
        null,
        1,
        1,
        1,
        1,
        1,
        1,
        1,
        null,
        null,
        1,
        1,
        1,
        1,
        1,
        1,
        1,
        null,
        null,
        null,
        null
      ],
      "/Users/jonpatterson/turing/mod2/projects/little_shop_1908/spec/features/items/new_spec.rb": [
        1,
        null,
        1,
        1,
        1,
        3,
        null,
        null,
        1,
        1,
        null,
        1,
        null,
        null,
        1,
        1,
        null,
        1,
        1,
        1,
        1,
        1,
        null,
        1,
        null,
        1,
        1,
        1,
        1,
        1,
        1,
        1,
        null,
        1,
        null,
        1,
        null,
        1,
        1,
        1,
        1,
        1,
        1,
        1,
        1,
        1,
        1,
        1,
        1,
        1,
        1,
        null,
        null,
        1,
        1,
        1,
        1,
        null,
        null,
        1,
        1,
        1,
        1,
        null,
        1,
        1,
        null,
        1,
        1,
        null,
        1,
        1,
        null,
        1,
        1,
        null,
        1,
        null,
        1,
        1,
        1,
        null,
        1,
        1,
        null,
        1,
        1,
        1,
        null,
        1,
        null,
        1,
        1,
        null,
        1,
        1,
        1,
        1,
        null,
        null,
        1,
        1,
        null,
        null,
        null
      ],
      "/Users/jonpatterson/turing/mod2/projects/little_shop_1908/spec/features/items/show_spec.rb": [
        1,
        null,
        1,
        1,
        1,
        5,
        5,
        null,
        5,
        5,
        5,
        5,
        5,
        null,
        null,
        null,
        1,
        1,
        null,
        1,
        1,
        1,
        1,
        1,
        1,
        1,
        1,
        null,
        null,
        1,
        1,
        null,
        1,
        1,
        1,
        1,
        1,
        1,
        1,
        1,
        1,
        null,
        null,
        1,
        1,
        1,
        null,
        1,
        1,
        1,
        1,
        1,
        1,
        1,
        1,
        1,
        1,
        1,
        1,
        1,
        1,
        1,
        null,
        null,
        null,
        1,
        1,
        null,
        1,
        null,
        1,
        1,
        1,
        1,
        1,
        1,
        1,
        1,
        1,
        1,
        1,
        1,
        1,
        1,
        1,
        null,
        null,
        null,
        1,
        1,
        1,
        null,
        1,
        null,
        null,
        null
      ],
      "/Users/jonpatterson/turing/mod2/projects/little_shop_1908/spec/features/merchants/destroy_spec.rb": [
        1,
        null,
        1,
        1,
        1,
        1,
        null,
        1,
        null,
        1,
        null,
        1,
        1,
        null,
        null,
        1,
        1,
        1,
        null,
        1,
        null,
        1,
        null,
        1,
        1,
        null,
        null,
        null
      ],
      "/Users/jonpatterson/turing/mod2/projects/little_shop_1908/spec/features/merchants/edit_spec.rb": [
        1,
        null,
        1,
        1,
        1,
        2,
        null,
        1,
        1,
        1,
        null,
        1,
        1,
        1,
        1,
        1,
        1,
        null,
        null,
        1,
        1,
        1,
        null,
        1,
        1,
        1,
        1,
        1,
        null,
        1,
        null,
        1,
        1,
        1,
        null,
        null,
        null
      ],
      "/Users/jonpatterson/turing/mod2/projects/little_shop_1908/spec/features/merchants/index_spec.rb": [
        1,
        null,
        1,
        1,
        1,
        2,
        2,
        null,
        null,
        1,
        1,
        null,
        1,
        1,
        null,
        null,
        1,
        1,
        null,
        1,
        null,
        1,
        null,
        1,
        null,
        null,
        null
      ],
      "/Users/jonpatterson/turing/mod2/projects/little_shop_1908/spec/features/merchants/new_spec.rb": [
        1,
        null,
        1,
        1,
        1,
        1,
        null,
        1,
        1,
        1,
        1,
        1,
        null,
        1,
        1,
        1,
        1,
        1,
        null,
        1,
        null,
        1,
        null,
        1,
        1,
        1,
        1,
        1,
        1,
        1,
        null,
        null,
        null,
        null
      ],
      "/Users/jonpatterson/turing/mod2/projects/little_shop_1908/spec/features/merchants/show_spec.rb": [
        1,
        null,
        1,
        1,
        1,
        2,
        null,
        null,
        1,
        1,
        null,
        1,
        1,
        null,
        null,
        1,
        1,
        null,
        1,
        null,
        1,
        null,
        1,
        null,
        null,
        null,
        null
      ],
      "/Users/jonpatterson/turing/mod2/projects/little_shop_1908/spec/features/navbar_spec.rb": [
        1,
        null,
        1,
        1,
        1,
        1,
        null,
        1,
        null,
        1,
        1,
        null,
        null,
        1,
        null,
        1,
        1,
        1,
        null,
        1,
        null,
        1,
        1,
        null,
        1,
        1,
        null,
        1,
        1,
        1,
        null,
        null,
        null,
        null,
        null
      ],
      "/Users/jonpatterson/turing/mod2/projects/little_shop_1908/spec/features/navigation_spec.rb": [
        null,
        1,
        null,
        1,
        1,
        1,
        1,
        null,
        1,
        1,
        null,
        null,
        1,
        null,
        1,
        1,
        null,
        null,
        1,
        null,
        null,
        null
      ],
      "/Users/jonpatterson/turing/mod2/projects/little_shop_1908/spec/features/order/new_spec.rb": [
        1,
        null,
        1,
        1,
        1,
        3,
        3,
        null,
        3,
        3,
        3,
        null,
        3,
        3,
        3,
        3,
        3,
        3,
        null,
        null,
        1,
        null,
        1,
        null,
        1,
        1,
        1,
        null,
        null,
        1,
        1,
        null,
        null,
        1,
        1,
        1,
        1,
        1,
        null,
        null,
        1,
        1,
        1,
        1,
        1,
        null,
        null,
        null,
        1,
        1,
        null,
        1,
        1,
        1,
        1,
        1,
        null,
        1,
        1,
        1,
        1,
        1,
        null,
        1,
        1,
        null,
        1,
        1,
        1,
        1,
        1,
        1,
        null,
        null,
        1,
        1,
        null,
        1,
        1,
        1,
        1,
        null,
        1,
        1,
        1,
        1,
        null,
        1,
        null,
        1,
        1,
        null,
        null
      ],
      "/Users/jonpatterson/turing/mod2/projects/little_shop_1908/spec/features/order/show_spec.rb": [
        1,
        null,
        1,
        1,
        1,
        1,
        1,
        null,
        1,
        1,
        1,
        null,
        1,
        1,
        1,
        1,
        1,
        1,
        null,
        1,
        null,
        1,
        1,
        1,
        1,
        1,
        null,
        1,
        1,
        1,
        1,
        1,
        null,
        1,
        1,
        null,
        null,
        1,
        1,
        1,
        1,
        1,
        1,
        1,
        1,
        1,
        null,
        1,
        1,
        1,
        null,
        null,
        1,
        1,
        1,
        1,
        1,
        null,
        null,
        1,
        1,
        1,
        1,
        1,
        null,
        null,
        null,
        null
      ],
      "/Users/jonpatterson/turing/mod2/projects/little_shop_1908/spec/features/reviews/delete_spec.rb": [
        1,
        null,
        1,
        1,
        1,
        1,
        1,
        null,
        1,
        1,
        null,
        1,
        1,
        1,
        null,
        null,
        1,
        null,
        1,
        1,
        1,
        1,
        1,
        1,
        1,
        null,
        1,
        1,
        null,
        null,
        1,
        1,
        null,
        null,
        1,
        1,
        1,
        1,
        1,
        1,
        1,
        null,
        null
      ],
      "/Users/jonpatterson/turing/mod2/projects/little_shop_1908/spec/features/reviews/edit_spec.rb": [
        1,
        null,
        1,
        1,
        1,
        1,
        2,
        2,
        null,
        null,
        2,
        2,
        null,
        2,
        2,
        2,
        2,
        2,
        null,
        2,
        null,
        2,
        null,
        null,
        1,
        1,
        5,
        5,
        null,
        null,
        null,
        null,
        1,
        1,
        1,
        null,
        null,
        1,
        null,
        1,
        1,
        1,
        null,
        1,
        null,
        1,
        1,
        1,
        1,
        null,
        null,
        null,
        null
      ],
      "/Users/jonpatterson/turing/mod2/projects/little_shop_1908/spec/features/reviews/new_spec.rb": [
        1,
        null,
        1,
        1,
        1,
        4,
        4,
        null,
        null,
        1,
        1,
        null,
        1,
        null,
        null,
        1,
        1,
        1,
        1,
        null,
        1,
        1,
        null,
        1,
        1,
        1,
        1,
        null,
        1,
        null,
        1,
        null,
        1,
        1,
        1,
        1,
        1,
        null,
        null,
        1,
        1,
        1,
        null,
        1,
        1,
        null,
        1,
        1,
        1,
        null,
        1,
        1,
        null,
        null,
        1,
        1,
        1,
        1,
        null,
        1,
        1,
        null,
        1,
        1,
        1,
        1,
        null,
        1,
        1,
        null,
        null
      ],
      "/Users/jonpatterson/turing/mod2/projects/little_shop_1908/spec/models/cart_spec.rb": [
        1,
        null,
        1,
        4,
        null,
        1,
        1,
        1,
        null,
        null,
        null,
        1,
        1,
        null,
        1,
        1,
        1,
        1,
        1,
        1,
        null,
        1,
        null,
        null,
        null,
        1,
        1,
        1,
        1,
        1,
        1,
        null,
        1,
        null,
        null,
        null,
        null
      ],
      "/Users/jonpatterson/turing/mod2/projects/little_shop_1908/app/models/cart.rb": [
        1,
        1,
        null,
        1,
        239,
        239,
        null,
        null,
        1,
        185,
        null,
        null,
        1,
        47,
        null,
        null,
        1,
        6,
        20,
        null,
        null,
        1,
        88,
        88,
        null,
        null,
        1,
        26,
        70,
        26,
        null,
        null
      ],
      "/Users/jonpatterson/turing/mod2/projects/little_shop_1908/spec/models/item_spec.rb": [
        1,
        null,
        1,
        1,
        2,
        2,
        2,
        2,
        2,
        2,
        null,
        null,
        1,
        2,
        2,
        2,
        2,
        null,
        null
      ],
      "/Users/jonpatterson/turing/mod2/projects/little_shop_1908/app/models/item.rb": [
        1,
        1,
        1,
        1,
        1,
        null,
        1,
        null,
        null,
        null,
        null,
        1,
        null
      ],
      "/Users/jonpatterson/turing/mod2/projects/little_shop_1908/app/models/application_record.rb": [
        1,
        1,
        null
      ],
      "/Users/jonpatterson/turing/mod2/projects/little_shop_1908/spec/models/merchant_spec.rb": [
        1,
        null,
        1,
        1,
        2,
        2,
        2,
        2,
        2,
        null,
        null,
        1,
        2,
        null,
        null
      ],
      "/Users/jonpatterson/turing/mod2/projects/little_shop_1908/app/models/merchant.rb": [
        1,
        1,
        null,
        1,
        null,
        null,
        null,
        null,
        null
      ],
      "/Users/jonpatterson/turing/mod2/projects/little_shop_1908/spec/models/order_item_spec.rb": [
        1,
        null,
        1,
        1,
        2,
        2,
        2,
        2,
        null,
        null,
        1,
        2,
        2,
        null,
        null
      ],
      "/Users/jonpatterson/turing/mod2/projects/little_shop_1908/app/models/order_item.rb": [
        1,
        1,
        1,
        null,
        1,
        null,
        null,
        null,
        null,
        null
      ],
      "/Users/jonpatterson/turing/mod2/projects/little_shop_1908/spec/models/order_spec.rb": [
        1,
        null,
        1,
        1,
        2,
        2,
        2,
        2,
        2,
        null,
        null,
        1,
        2,
        2,
        null,
        null
      ],
      "/Users/jonpatterson/turing/mod2/projects/little_shop_1908/app/models/order.rb": [
        1,
        1,
        1,
        null,
        1,
        null,
        null,
        null,
        null,
        null
      ],
      "/Users/jonpatterson/turing/mod2/projects/little_shop_1908/spec/models/review_spec.rb": [
        1,
        null,
        1,
        1,
        2,
        2,
        2,
        null,
        2,
        1,
        1,
        1,
        null,
        null,
        null,
        null,
        1,
        2,
        null,
        null,
        1,
        1,
        3,
        3,
        null,
        3,
        3,
        3,
        3,
        3,
        null,
        1,
        1,
        null,
        null,
        1,
        1,
        null,
        null,
        1,
        1,
        null,
        null,
        null
      ],
      "/Users/jonpatterson/turing/mod2/projects/little_shop_1908/app/models/review.rb": [
        1,
        1,
        null,
        1,
        null,
        null,
        null,
        null,
        1,
        null,
        null,
        null,
        null,
        1,
        67,
        null,
        null,
        1,
        67,
        null,
        null,
        1,
        67,
        null,
        null
      ],
      "/Users/jonpatterson/turing/mod2/projects/little_shop_1908/app/controllers/items_controller.rb": [
        1,
        null,
        1,
        53,
        6,
        6,
        null,
        47,
        null,
        null,
        null,
        1,
        66,
        null,
        null,
        1,
        7,
        null,
        null,
        1,
        6,
        6,
        6,
        1,
        5,
        1,
        1,
        4,
        1,
        1,
        3,
        1,
        1,
        2,
        1,
        1,
        1,
        1,
        1,
        null,
        null,
        null,
        1,
        8,
        null,
        null,
        1,
        6,
        null,
        6,
        1,
        5,
        1,
        1,
        4,
        1,
        1,
        3,
        1,
        1,
        2,
        1,
        1,
        1,
        1,
        1,
        null,
        null,
        null,
        1,
        4,
        null,
        4,
        3,
        3,
        3,
        null,
        1,
        1,
        null,
        null,
        null,
        1,
        null,
        1,
        42,
        null,
        null,
        null
      ],
      "/Users/jonpatterson/turing/mod2/projects/little_shop_1908/app/controllers/application_controller.rb": [
        1,
        1,
        null,
        1,
        null,
        1,
        386,
        null,
        null
      ],
      "/Users/jonpatterson/turing/mod2/projects/little_shop_1908/app/controllers/cart_controller.rb": [
        1,
        1,
        null,
        1,
        15,
        15,
        3,
        null,
        null,
        null,
        1,
        40,
        40,
        39,
        39,
        39,
        null,
        39,
        39,
        39,
        null,
        1,
        1,
        null,
        null,
        null,
        1,
        3,
        null,
        3,
        2,
        2,
        null,
        1,
        null,
        3,
        null,
        null,
        1,
        2,
        2,
        null,
        2,
        1,
        null,
        1,
        null,
        2,
        null,
        null,
        1,
        1,
        1,
        null,
        null,
        1,
        1,
        1,
        null,
        null
      ],
      "/Users/jonpatterson/turing/mod2/projects/little_shop_1908/app/controllers/orders_controller.rb": [
        1,
        null,
        1,
        7,
        null,
        null,
        1,
        4,
        4,
        null,
        null,
        1,
        4,
        4,
        4,
        3,
        6,
        6,
        null,
        3,
        null,
        1,
        1,
        null,
        null,
        null,
        1,
        null,
        1,
        4,
        null,
        null
      ],
      "/Users/jonpatterson/turing/mod2/projects/little_shop_1908/app/controllers/merchants_controller.rb": [
        1,
        null,
        1,
        7,
        null,
        null,
        1,
        7,
        null,
        null,
        1,
        null,
        null,
        1,
        1,
        1,
        null,
        null,
        1,
        2,
        null,
        null,
        1,
        1,
        1,
        1,
        null,
        null,
        1,
        null,
        2,
        2,
        null,
        null,
        1,
        null,
        1,
        2,
        null,
        null
      ],
      "/Users/jonpatterson/turing/mod2/projects/little_shop_1908/app/controllers/reviews_controller.rb": [
        1,
        null,
        1,
        3,
        null,
        null,
        1,
        3,
        3,
        null,
        3,
        1,
        null,
        2,
        2,
        null,
        null,
        null,
        null,
        1,
        1,
        1,
        null,
        null,
        1,
        1,
        1,
        1,
        null,
        null,
        1,
        2,
        2,
        2,
        null,
        2,
        null,
        null,
        null,
        1,
        null,
        1,
        4,
        null,
        null
      ]
    },
    "timestamp": 1571100905
  }
}
